{"/home/jimmy/gitty/github/adsy-training-jest/challenge.js": {"path":"/home/jimmy/gitty/github/adsy-training-jest/challenge.js","statementMap":{"0":{"start":{"line":1,"column":18},"end":{"line":1,"column":25}},"1":{"start":{"line":3,"column":19},"end":{"line":3,"column":28}},"2":{"start":{"line":5,"column":18},"end":{"line":5,"column":30}},"3":{"start":{"line":7,"column":21},"end":{"line":7,"column":35}},"4":{"start":{"line":9,"column":16},"end":{"line":9,"column":23}},"5":{"start":{"line":11,"column":0},"end":{"line":17,"column":1}}},"fnMap":{"0":{"name":"(anonymous_0)","decl":{"start":{"line":1,"column":18},"end":{"line":1,"column":19}},"loc":{"start":{"line":1,"column":23},"end":{"line":1,"column":25}},"line":1},"1":{"name":"(anonymous_1)","decl":{"start":{"line":3,"column":19},"end":{"line":3,"column":20}},"loc":{"start":{"line":3,"column":26},"end":{"line":3,"column":28}},"line":3},"2":{"name":"(anonymous_2)","decl":{"start":{"line":5,"column":18},"end":{"line":5,"column":19}},"loc":{"start":{"line":5,"column":28},"end":{"line":5,"column":30}},"line":5},"3":{"name":"(anonymous_3)","decl":{"start":{"line":7,"column":21},"end":{"line":7,"column":22}},"loc":{"start":{"line":7,"column":33},"end":{"line":7,"column":35}},"line":7},"4":{"name":"(anonymous_4)","decl":{"start":{"line":9,"column":16},"end":{"line":9,"column":17}},"loc":{"start":{"line":9,"column":21},"end":{"line":9,"column":23}},"line":9}},"branchMap":{},"s":{"0":1,"1":1,"2":1,"3":1,"4":1,"5":1},"f":{"0":1,"1":1,"2":1,"3":1,"4":1},"b":{},"_coverageSchema":"332fd63041d2c1bcb487cc26dd0d5f7d97098a6c","hash":"63dd34895f480e63d1f1fdd15852c4adf0fedf83"}
}
